<?xml version="1.0" encoding="UTF-8"?>
<!-- Generated by org.testng.reporters.JUnitReportReporter -->
<testsuite skipped="0" hostname="DESKTOP-8DUI1RP" name="com.training.sanity.tests.RTTC_031" tests="5" failures="0" timestamp="05 Jul 2019 06:02:31 GMT" time="25.158" errors="0">
  <testcase name="clicklogin" time="6.295" classname="com.training.sanity.tests.RTTC_031"/>
  <testcase name="Login" time="5.356" classname="com.training.sanity.tests.RTTC_031"/>
  <testcase name="Login" time="5.302" classname="com.training.sanity.tests.RTTC_031"/>
  <testcase name="Login" time="5.345" classname="com.training.sanity.tests.RTTC_031"/>
  <testcase name="tearDown" time="2.860" classname="com.training.sanity.tests.RTTC_031"/>
</testsuite> <!-- com.training.sanity.tests.RTTC_031 -->
