<?xml version="1.0" encoding="UTF-8"?>
<!-- Generated by org.testng.reporters.JUnitReportReporter -->
<testsuite skipped="0" hostname="DESKTOP-8DUI1RP" name="com.training.sanity.tests.RTTC_033" tests="1" failures="0" timestamp="04 Jul 2019 06:20:39 GMT" time="42.369" errors="0">
  <testcase name="myaccountdetails" time="42.369" classname="com.training.sanity.tests.RTTC_033"/>
</testsuite> <!-- com.training.sanity.tests.RTTC_033 -->
