<?xml version="1.0" encoding="UTF-8"?>
<!-- Generated by org.testng.reporters.JUnitReportReporter -->
<testsuite skipped="0" hostname="DESKTOP-8DUI1RP" name="com.training.sanity.tests.RTTC_35_Caltest" tests="1" failures="0" timestamp="06 Jul 2019 09:40:37 GMT" time="20.006" errors="0">
  <testcase name="validLoginTest" time="20.006" classname="com.training.sanity.tests.RTTC_35_Caltest"/>
</testsuite> <!-- com.training.sanity.tests.RTTC_35_Caltest -->
