<?xml version="1.0" encoding="UTF-8"?>
<!-- Generated by org.testng.reporters.JUnitReportReporter -->
<testsuite skipped="0" hostname="DESKTOP-8DUI1RP" name="com.training.sanity.tests.RTTC_034" tests="2" failures="0" timestamp="04 Jul 2019 06:19:14 GMT" time="83.348" errors="0">
  <testcase name="myaccountdetails" time="70.878" classname="com.training.sanity.tests.RTTC_034"/>
  <testcase name="GuestCustomer" time="12.470" classname="com.training.sanity.tests.RTTC_034"/>
</testsuite> <!-- com.training.sanity.tests.RTTC_034 -->
