<?xml version="1.0" encoding="UTF-8"?>
<!-- Generated by org.testng.reporters.JUnitReportReporter -->
<testsuite skipped="0" hostname="DESKTOP-8DUI1RP" name="com.training.sanity.tests.RTTC_003" tests="1" failures="0" timestamp="28 Jun 2019 12:09:51 GMT" time="38.656" errors="0">
  <testcase name="forgotpassword" time="38.656" classname="com.training.sanity.tests.RTTC_003"/>
</testsuite> <!-- com.training.sanity.tests.RTTC_003 -->
