<?xml version="1.0" encoding="UTF-8"?>
<!-- Generated by org.testng.reporters.JUnitReportReporter -->
<testsuite skipped="0" hostname="DESKTOP-8DUI1RP" name="com.training.sanity.tests.RTTC_063" tests="4" failures="0" timestamp="11 Jul 2019 10:14:16 GMT" time="99.781" errors="0">
  <testcase name="Register" time="26.456" classname="com.training.sanity.tests.RTTC_063"/>
  <testcase name="Register" time="22.145" classname="com.training.sanity.tests.RTTC_063"/>
  <testcase name="Register" time="25.541" classname="com.training.sanity.tests.RTTC_063"/>
  <testcase name="Register" time="25.639" classname="com.training.sanity.tests.RTTC_063"/>
</testsuite> <!-- com.training.sanity.tests.RTTC_063 -->
