<?xml version="1.0" encoding="UTF-8"?>
<!-- Generated by org.testng.reporters.JUnitReportReporter -->
<testsuite skipped="0" hostname="DESKTOP-8DUI1RP" name="com.training.sanity.tests.RTTC_064" tests="4" failures="0" timestamp="11 Jul 2019 14:31:34 GMT" time="52.208" errors="0">
  <testcase name="validLoginTest" time="12.570" classname="com.training.sanity.tests.RTTC_064"/>
  <testcase name="validLoginTest" time="14.110" classname="com.training.sanity.tests.RTTC_064"/>
  <testcase name="validLoginTest" time="12.503" classname="com.training.sanity.tests.RTTC_064"/>
  <testcase name="validLoginTest" time="13.025" classname="com.training.sanity.tests.RTTC_064"/>
</testsuite> <!-- com.training.sanity.tests.RTTC_064 -->
