<?xml version="1.0" encoding="UTF-8"?>
<!-- Generated by org.testng.reporters.JUnitReportReporter -->
<testsuite skipped="0" hostname="DESKTOP-8DUI1RP" name="com.training.sanity.tests.TestNg_param" tests="2" failures="0" timestamp="05 Jul 2019 05:50:18 GMT" time="0.030" errors="0">
  <testcase name="Test11" time="0.008" classname="com.training.sanity.tests.TestNg_param"/>
  <testcase name="Test" time="0.022" classname="com.training.sanity.tests.TestNg_param"/>
</testsuite> <!-- com.training.sanity.tests.TestNg_param -->
