<?xml version="1.0" encoding="UTF-8"?>
<!-- Generated by org.testng.reporters.JUnitReportReporter -->
<testsuite skipped="0" hostname="DESKTOP-8DUI1RP" name="com.training.sanity.tests.RTTC_001" tests="1" failures="0" timestamp="11 Jul 2019 14:45:48 GMT" time="35.603" errors="0">
  <testcase name="Register" time="35.603" classname="com.training.sanity.tests.RTTC_001"/>
</testsuite> <!-- com.training.sanity.tests.RTTC_001 -->
