<?xml version="1.0" encoding="UTF-8"?>
<!-- Generated by org.testng.reporters.JUnitReportReporter -->
<testsuite skipped="0" hostname="DESKTOP-8DUI1RP" name="com.training.sanity.tests.RTTC_064" tests="4" failures="0" timestamp="16 Jul 2019 05:18:13 GMT" time="53.799" errors="0">
  <testcase name="validLoginTest" time="12.603" classname="com.training.sanity.tests.RTTC_064"/>
  <testcase name="validLoginTest" time="15.713" classname="com.training.sanity.tests.RTTC_064"/>
  <testcase name="validLoginTest" time="12.674" classname="com.training.sanity.tests.RTTC_064"/>
  <testcase name="validLoginTest" time="12.809" classname="com.training.sanity.tests.RTTC_064"/>
</testsuite> <!-- com.training.sanity.tests.RTTC_064 -->
