<?xml version="1.0" encoding="UTF-8"?>
<!-- Generated by org.testng.reporters.JUnitReportReporter -->
<testsuite skipped="0" hostname="DESKTOP-8DUI1RP" name="com.training.sanity.tests.Med_RTTC_055" tests="1" failures="0" timestamp="04 Jul 2019 08:08:21 GMT" time="18.241" errors="0">
  <testcase name="validLoginTest" time="18.241" classname="com.training.sanity.tests.Med_RTTC_055"/>
</testsuite> <!-- com.training.sanity.tests.Med_RTTC_055 -->
