<?xml version="1.0" encoding="UTF-8"?>
<!-- Generated by org.testng.reporters.JUnitReportReporter -->
<testsuite skipped="0" hostname="DESKTOP-8DUI1RP" name="com.training.sanity.tests.RTTC_065" tests="1" failures="0" timestamp="12 Jul 2019 09:28:53 GMT" time="29.742" errors="0">
  <testcase name="validLoginTest" time="29.742" classname="com.training.sanity.tests.RTTC_065"/>
</testsuite> <!-- com.training.sanity.tests.RTTC_065 -->
