<?xml version="1.0" encoding="UTF-8"?>
<!-- Generated by org.testng.reporters.JUnitReportReporter -->
<testsuite skipped="0" hostname="DESKTOP-8DUI1RP" name="com.training.sanity.tests.RTTC_062" tests="4" failures="0" timestamp="11 Jul 2019 10:11:59 GMT" time="117.846" errors="0">
  <testcase name="Register" time="27.855" classname="com.training.sanity.tests.RTTC_062"/>
  <testcase name="Register" time="25.093" classname="com.training.sanity.tests.RTTC_062"/>
  <testcase name="Register" time="25.941" classname="com.training.sanity.tests.RTTC_062"/>
  <testcase name="Register" time="38.957" classname="com.training.sanity.tests.RTTC_062"/>
</testsuite> <!-- com.training.sanity.tests.RTTC_062 -->
