<?xml version="1.0" encoding="UTF-8"?>
<!-- Generated by org.testng.reporters.JUnitReportReporter -->
<testsuite skipped="0" hostname="DESKTOP-8DUI1RP" name="com.training.sanity.tests.RTTC_035" tests="1" failures="0" timestamp="06 Jul 2019 10:14:15 GMT" time="21.844" errors="0">
  <testcase name="validLoginTest" time="21.844" classname="com.training.sanity.tests.RTTC_035"/>
</testsuite> <!-- com.training.sanity.tests.RTTC_035 -->
